[08/23/2022 16:57:44] Debug: Session id: 10ca3756-4abb-4061-8705-7e1bae9eb3ad
[08/23/2022 16:57:44] Debug: Code Processor information: Name :SnowConvert, Version: 7.11.92.0
[08/23/2022 16:57:45] Debug: Getting license
[08/23/2022 16:57:45] Debug: License information
	Status: Failed
	Message: No active license available.
[08/23/2022 16:57:45] Info: Starting to validate parameters
[08/23/2022 16:57:45] Info: Parameters to validate: 
	Execution mode: Conversion
	LICENSE_KEY: a3372138-b87e-4a08-b929-3b48b24c63f1
[08/23/2022 16:57:45] Info: Validation of parameters: Success
[08/23/2022 16:57:45] Debug: Getting code descriptor
[08/23/2022 16:57:45] Debug: Code descriptor information
	Units: 51
	Units type: LOC
	All file bytes: 2141
	All found extensions: .sql,.dml,.ddl,.bteq,.btq,.fl,.fload,.ml,.mload,.mld,.tp,.tpump,.tpt
[08/23/2022 16:57:45] Debug: Calculating fingerprint
[08/23/2022 16:57:45] Debug: Fingerprint information Fingerprint(size=2141,projects=1)
[08/23/2022 16:57:45] Info: Starting to try to validate online license for execution
[08/23/2022 16:58:04] Debug: Getting license
[08/23/2022 16:58:04] Debug: License information
	Status: Failed
	Message: No active license available.
[08/23/2022 16:58:04] Debug: Starting the execution of the controller
[08/23/2022 16:58:18] Debug: Executing the worker: SnowConvert
[08/23/2022 16:58:30] Debug: Finished executing the worker: SnowConvert
[08/23/2022 16:58:32] Info: Controller execution ended
